19:09:20.994 [main] INFO  com.karach.xmlproject.creator.TouristVoucherXMLCreator - TouristVoucher.xml created successfully.
19:09:21.216 [main] ERROR com.karach.xmlproject.validator.XmlValidator - Error validating XML against XSD
org.xml.sax.SAXParseException: src-attribute.4: Attribute 'id' has both a 'type' attribute and an anonymous 'simpleType' child. Only one of these is allowed for an attribute.
	at com.sun.org.apache.xerces.internal.util.ErrorHandlerWrapper.createSAXParseException(ErrorHandlerWrapper.java:204) ~[?:?]
	at com.sun.org.apache.xerces.internal.util.ErrorHandlerWrapper.error(ErrorHandlerWrapper.java:135) ~[?:?]
	at com.sun.org.apache.xerces.internal.impl.XMLErrorReporter.reportError(XMLErrorReporter.java:396) ~[?:?]
	at com.sun.org.apache.xerces.internal.impl.xs.traversers.XSDHandler.reportSchemaErr(XSDHandler.java:4254) ~[?:?]
	at com.sun.org.apache.xerces.internal.impl.xs.traversers.XSDHandler.reportSchemaError(XSDHandler.java:4237) ~[?:?]
	at com.sun.org.apache.xerces.internal.impl.xs.traversers.XSDAbstractTraverser.reportSchemaError(XSDAbstractTraverser.java:866) ~[?:?]
	at com.sun.org.apache.xerces.internal.impl.xs.traversers.XSDAttributeTraverser.traverseNamedAttr(XSDAttributeTraverser.java:390) ~[?:?]
	at com.sun.org.apache.xerces.internal.impl.xs.traversers.XSDAttributeTraverser.traverseLocal(XSDAttributeTraverser.java:113) ~[?:?]
	at com.sun.org.apache.xerces.internal.impl.xs.traversers.XSDAbstractTraverser.traverseAttrsAndAttrGrps(XSDAbstractTraverser.java:760) ~[?:?]
	at com.sun.org.apache.xerces.internal.impl.xs.traversers.XSDComplexTypeTraverser.processComplexContent(XSDComplexTypeTraverser.java:1123) ~[?:?]
	at com.sun.org.apache.xerces.internal.impl.xs.traversers.XSDComplexTypeTraverser.traverseComplexTypeDecl(XSDComplexTypeTraverser.java:335) ~[?:?]
	at com.sun.org.apache.xerces.internal.impl.xs.traversers.XSDComplexTypeTraverser.traverseLocal(XSDComplexTypeTraverser.java:164) ~[?:?]
	at com.sun.org.apache.xerces.internal.impl.xs.traversers.XSDElementTraverser.traverseNamedElement(XSDElementTraverser.java:392) ~[?:?]
	at com.sun.org.apache.xerces.internal.impl.xs.traversers.XSDElementTraverser.traverseLocal(XSDElementTraverser.java:194) ~[?:?]
	at com.sun.org.apache.xerces.internal.impl.xs.traversers.XSDHandler.traverseLocalElements(XSDHandler.java:3707) ~[?:?]
	at com.sun.org.apache.xerces.internal.impl.xs.traversers.XSDHandler.parseSchema(XSDHandler.java:666) ~[?:?]
	at com.sun.org.apache.xerces.internal.impl.xs.XMLSchemaLoader.loadSchema(XMLSchemaLoader.java:618) ~[?:?]
	at com.sun.org.apache.xerces.internal.impl.xs.XMLSchemaLoader.loadGrammar(XMLSchemaLoader.java:577) ~[?:?]
	at com.sun.org.apache.xerces.internal.impl.xs.XMLSchemaLoader.loadGrammar(XMLSchemaLoader.java:543) ~[?:?]
	at com.sun.org.apache.xerces.internal.jaxp.validation.XMLSchemaFactory.newSchema(XMLSchemaFactory.java:281) ~[?:?]
	at javax.xml.validation.SchemaFactory.newSchema(SchemaFactory.java:612) ~[?:?]
	at javax.xml.validation.SchemaFactory.newSchema(SchemaFactory.java:628) ~[?:?]
	at com.karach.xmlproject.validator.XmlValidator.validateXmlAgainstXsd(XmlValidator.java:21) [classes/:?]
	at com.karach.xmlproject.main.Main.main(Main.java:38) [classes/:?]
