16:49:46.098 [main] INFO  com.karach.xmlproject.main.Main - TouristVoucher{id=114, type='WEEKEND', country='Spain', minDays=0, maxDays=0, transport='null', stars=null, food='null', roomType=null, amenities='null', cost=0.0, currency=null, startDate='null'}
16:49:46.111 [main] INFO  com.karach.xmlproject.main.Main - TouristVoucher{id=382, type='PILGRIMAGE', country='Israel', minDays=0, maxDays=0, transport='null', stars=null, food='null', roomType=null, amenities='null', cost=0.0, currency=null, startDate='null'}
18:24:28.809 [main] INFO  com.karach.xmlproject.creator.TouristVoucherXMLCreator - TouristVoucher.xml created successfully.
18:24:28.893 [main] ERROR com.karach.xmlproject.validator.XmlValidator - Error validating XML against XSD
org.xml.sax.SAXParseException: schema_reference.4: Failed to read schema document 'file:/C:/Users/skarach.DESKTOP-TJ4Q3M8/IdeaProjects/XML%20Project/./TouristVoucher.xsd', because 1) could not find the document; 2) the document could not be read; 3) the root element of the document is not <xsd:schema>.
	at com.sun.org.apache.xerces.internal.util.ErrorHandlerWrapper.createSAXParseException(ErrorHandlerWrapper.java:204) ~[?:?]
	at com.sun.org.apache.xerces.internal.util.ErrorHandlerWrapper.error(ErrorHandlerWrapper.java:135) ~[?:?]
	at com.sun.org.apache.xerces.internal.impl.XMLErrorReporter.reportError(XMLErrorReporter.java:396) ~[?:?]
	at com.sun.org.apache.xerces.internal.impl.XMLErrorReporter.reportError(XMLErrorReporter.java:306) ~[?:?]
	at com.sun.org.apache.xerces.internal.impl.xs.traversers.XSDHandler.reportSchemaErr(XSDHandler.java:4258) ~[?:?]
	at com.sun.org.apache.xerces.internal.impl.xs.traversers.XSDHandler.reportSchemaError(XSDHandler.java:4241) ~[?:?]
	at com.sun.org.apache.xerces.internal.impl.xs.traversers.XSDHandler.getSchemaDocument1(XSDHandler.java:2532) ~[?:?]
	at com.sun.org.apache.xerces.internal.impl.xs.traversers.XSDHandler.getSchemaDocument(XSDHandler.java:2239) ~[?:?]
	at com.sun.org.apache.xerces.internal.impl.xs.traversers.XSDHandler.parseSchema(XSDHandler.java:589) ~[?:?]
	at com.sun.org.apache.xerces.internal.impl.xs.XMLSchemaLoader.loadSchema(XMLSchemaLoader.java:618) ~[?:?]
	at com.sun.org.apache.xerces.internal.impl.xs.XMLSchemaLoader.loadGrammar(XMLSchemaLoader.java:577) ~[?:?]
	at com.sun.org.apache.xerces.internal.impl.xs.XMLSchemaLoader.loadGrammar(XMLSchemaLoader.java:543) ~[?:?]
	at com.sun.org.apache.xerces.internal.jaxp.validation.XMLSchemaFactory.newSchema(XMLSchemaFactory.java:281) ~[?:?]
	at javax.xml.validation.SchemaFactory.newSchema(SchemaFactory.java:612) ~[?:?]
	at javax.xml.validation.SchemaFactory.newSchema(SchemaFactory.java:628) ~[?:?]
	at com.karach.xmlproject.validator.XmlValidator.validateXmlAgainstXsd(XmlValidator.java:21) [classes/:?]
	at com.karach.xmlproject.main.Main.main(Main.java:36) [classes/:?]
Caused by: java.io.FileNotFoundException: C:\Users\skarach.DESKTOP-TJ4Q3M8\IdeaProjects\XML Project\.\TouristVoucher.xsd (Nie można odnaleźć określonego pliku)
	at java.io.FileInputStream.open0(Native Method) ~[?:?]
	at java.io.FileInputStream.open(FileInputStream.java:216) ~[?:?]
	at java.io.FileInputStream.<init>(FileInputStream.java:157) ~[?:?]
	at java.io.FileInputStream.<init>(FileInputStream.java:111) ~[?:?]
	at sun.net.www.protocol.file.FileURLConnection.connect(FileURLConnection.java:86) ~[?:?]
	at sun.net.www.protocol.file.FileURLConnection.getInputStream(FileURLConnection.java:189) ~[?:?]
	at com.sun.org.apache.xerces.internal.impl.XMLEntityManager.setupCurrentEntity(XMLEntityManager.java:653) ~[?:?]
	at com.sun.org.apache.xerces.internal.impl.XMLVersionDetector.determineDocVersion(XMLVersionDetector.java:150) ~[?:?]
	at com.sun.org.apache.xerces.internal.impl.xs.opti.SchemaParsingConfig.parse(SchemaParsingConfig.java:593) ~[?:?]
	at com.sun.org.apache.xerces.internal.impl.xs.opti.SchemaParsingConfig.parse(SchemaParsingConfig.java:696) ~[?:?]
	at com.sun.org.apache.xerces.internal.impl.xs.opti.SchemaDOMParser.parse(SchemaDOMParser.java:530) ~[?:?]
	at com.sun.org.apache.xerces.internal.impl.xs.traversers.XSDHandler.getSchemaDocument(XSDHandler.java:2227) ~[?:?]
	... 9 more
