23:12:03.941 [main] INFO  com.karach.xmlProject.reader.XMLReader - Type: weekend
23:12:03.948 [main] INFO  com.karach.xmlProject.reader.XMLReader - Country: Spain
23:12:03.949 [main] INFO  com.karach.xmlProject.reader.XMLReader - Tourist Voucher ID: 362
23:12:03.949 [main] INFO  com.karach.xmlProject.reader.XMLReader - Type: pilgrimage
23:12:03.949 [main] INFO  com.karach.xmlProject.reader.XMLReader - Country: Israel
23:18:09.672 [main] ERROR com.karach.xmlProject.reader.XMLReader - Error reading XML file
java.io.FileNotFoundException: C:\Users\skarach.DESKTOP-TJ4Q3M8\IdeaProjects\XML Project\.\TouristVoucher.xml (Nie można odnaleźć określonego pliku)
	at java.io.FileInputStream.open0(Native Method) ~[?:?]
	at java.io.FileInputStream.open(FileInputStream.java:216) ~[?:?]
	at java.io.FileInputStream.<init>(FileInputStream.java:157) ~[?:?]
	at java.io.FileInputStream.<init>(FileInputStream.java:111) ~[?:?]
	at sun.net.www.protocol.file.FileURLConnection.connect(FileURLConnection.java:86) ~[?:?]
	at sun.net.www.protocol.file.FileURLConnection.getInputStream(FileURLConnection.java:189) ~[?:?]
	at com.sun.org.apache.xerces.internal.impl.XMLEntityManager.setupCurrentEntity(XMLEntityManager.java:653) ~[?:?]
	at com.sun.org.apache.xerces.internal.impl.XMLVersionDetector.determineDocVersion(XMLVersionDetector.java:150) ~[?:?]
	at com.sun.org.apache.xerces.internal.parsers.XML11Configuration.parse(XML11Configuration.java:861) ~[?:?]
	at com.sun.org.apache.xerces.internal.parsers.XML11Configuration.parse(XML11Configuration.java:825) ~[?:?]
	at com.sun.org.apache.xerces.internal.parsers.XMLParser.parse(XMLParser.java:141) ~[?:?]
	at com.sun.org.apache.xerces.internal.parsers.DOMParser.parse(DOMParser.java:247) ~[?:?]
	at com.sun.org.apache.xerces.internal.jaxp.DocumentBuilderImpl.parse(DocumentBuilderImpl.java:342) ~[?:?]
	at javax.xml.parsers.DocumentBuilder.parse(DocumentBuilder.java:206) ~[?:?]
	at com.karach.xmlProject.reader.XMLReader.main(XMLReader.java:26) [classes/:?]
